bitmap_utilities/build/intermediates/manifest_merge_blame_file/debug/manifest-merger-blame-debug-report.txt
1<?xml version="1.0" encoding="utf-8"?>
2<manifest xmlns:android="http://schemas.android.com/apk/res/android"
3    package="com.library.bitmap_utilities"
4    android:versionCode="1"
5    android:versionName="1.0" >
6
7    <uses-sdk
8        android:minSdkVersion="23"
8-->src\main\AndroidManifest.xml
9        android:targetSdkVersion="29" />
9-->src\main\AndroidManifest.xml
10
11    <uses-permission android:name="android.permission.CAMERA" />
11-->src\main\AndroidManifest.xml:7:5-64
11-->src\main\AndroidManifest.xml:7:22-62
12    <uses-permission android:name="android.permission.WRITE_EXTERNAL_STORAGE" />
12-->src\main\AndroidManifest.xml:8:5-80
12-->src\main\AndroidManifest.xml:8:22-78
13    <uses-permission android:name="android.permission.READ_EXTERNAL_STORAGE" />
13-->src\main\AndroidManifest.xml:9:5-79
13-->src\main\AndroidManifest.xml:9:22-77
14
15    <application
15-->src\main\AndroidManifest.xml:12:5-17:19
16        android:allowBackup="true"
16-->src\main\AndroidManifest.xml:13:9-35
17        android:label="@string/app_name"
17-->src\main\AndroidManifest.xml:14:9-41
18        android:theme="@style/AppTheme" >
18-->src\main\AndroidManifest.xml:15:9-40
19    </application>
20
21</manifest>